Flow report for lab1-fpAdd
Fri Feb 16 01:12:58 2024
Quartus II 64-Bit Version 13.0.1 Build 232 06/12/2013 Service Pack 1 SJ Web Edition


---------------------
; Table of Contents ;
---------------------
  1. Legal Notice
  2. Flow Summary
  3. Flow Settings
  4. Flow Non-Default Global Settings
  5. Flow Elapsed Time
  6. Flow OS Summary
  7. Flow Log
  8. Flow Messages
  9. Flow Suppressed Messages



----------------
; Legal Notice ;
----------------
Copyright (C) 1991-2013 Altera Corporation
Your use of Altera Corporation's design tools, logic functions 
and other software and tools, and its AMPP partner logic 
functions, and any output files from any of the foregoing 
(including device programming or simulation files), and any 
associated documentation or information are expressly subject 
to the terms and conditions of the Altera Program License 
Subscription Agreement, Altera MegaCore Function License 
Agreement, or other applicable license agreement, including, 
without limitation, that your use is for the sole purpose of 
programming logic devices manufactured by Altera and sold by 
Altera or its authorized distributors.  Please refer to the 
applicable agreement for further details.



+--------------------------------------------------------------------------------------+
; Flow Summary                                                                         ;
+------------------------------------+-------------------------------------------------+
; Flow Status                        ; Successful - Fri Feb 16 01:12:58 2024           ;
; Quartus II 64-Bit Version          ; 13.0.1 Build 232 06/12/2013 SP 1 SJ Web Edition ;
; Revision Name                      ; lab1-fpAdd                                      ;
; Top-level Entity Name              ; Control_FSM                                     ;
; Family                             ; Cyclone IV E                                    ;
; Device                             ; EP4CE115F29C7                                   ;
; Timing Models                      ; Final                                           ;
; Total logic elements               ; 14 / 114,480 ( < 1 % )                          ;
;     Total combinational functions  ; 14 / 114,480 ( < 1 % )                          ;
;     Dedicated logic registers      ; 0 / 114,480 ( 0 % )                             ;
; Total registers                    ; 0                                               ;
; Total pins                         ; 10 / 529 ( 2 % )                                ;
; Total virtual pins                 ; 0                                               ;
; Total memory bits                  ; 0 / 3,981,312 ( 0 % )                           ;
; Embedded Multiplier 9-bit elements ; 0 / 532 ( 0 % )                                 ;
; Total PLLs                         ; 0 / 4 ( 0 % )                                   ;
+------------------------------------+-------------------------------------------------+


+-----------------------------------------+
; Flow Settings                           ;
+-------------------+---------------------+
; Option            ; Setting             ;
+-------------------+---------------------+
; Start date & time ; 02/16/2024 01:11:52 ;
; Main task         ; Compilation         ;
; Revision Name     ; lab1-fpAdd          ;
+-------------------+---------------------+


+------------------------------------------------------------------------------------------------------------------------+
; Flow Non-Default Global Settings                                                                                       ;
+-------------------------------------+---------------------------------------+---------------+-------------+------------+
; Assignment Name                     ; Value                                 ; Default Value ; Entity Name ; Section Id ;
+-------------------------------------+---------------------------------------+---------------+-------------+------------+
; COMPILER_SIGNATURE_ID               ; 84440836150696.170806391204040        ; --            ; --          ; --         ;
; MAX_CORE_JUNCTION_TEMP              ; 85                                    ; --            ; --          ; --         ;
; MIN_CORE_JUNCTION_TEMP              ; 0                                     ; --            ; --          ; --         ;
; NOMINAL_CORE_SUPPLY_VOLTAGE         ; 1.2V                                  ; --            ; --          ; --         ;
; PARTITION_COLOR                     ; 16764057                              ; --            ; Control_FSM ; Top        ;
; PARTITION_FITTER_PRESERVATION_LEVEL ; PLACEMENT_AND_ROUTING                 ; --            ; Control_FSM ; Top        ;
; PARTITION_NETLIST_TYPE              ; SOURCE                                ; --            ; Control_FSM ; Top        ;
; POWER_BOARD_THERMAL_MODEL           ; None (CONSERVATIVE)                   ; --            ; --          ; --         ;
; POWER_PRESET_COOLING_SOLUTION       ; 23 MM HEAT SINK WITH 200 LFPM AIRFLOW ; --            ; --          ; --         ;
; PROJECT_OUTPUT_DIRECTORY            ; output_files                          ; --            ; --          ; --         ;
; RTLV_GROUP_RELATED_NODES            ; Off                                   ; On            ; --          ; --         ;
; TOP_LEVEL_ENTITY                    ; Control_FSM                           ; lab1-fpAdd    ; --          ; --         ;
+-------------------------------------+---------------------------------------+---------------+-------------+------------+


+-------------------------------------------------------------------------------------------------------------------------------+
; Flow Elapsed Time                                                                                                             ;
+---------------------------+--------------+-------------------------+---------------------+------------------------------------+
; Module Name               ; Elapsed Time ; Average Processors Used ; Peak Virtual Memory ; Total CPU Time (on all processors) ;
+---------------------------+--------------+-------------------------+---------------------+------------------------------------+
; Analysis & Synthesis      ; 00:00:03     ; 1.0                     ; 4615 MB             ; 00:00:03                           ;
; Fitter                    ; 00:00:19     ; 1.0                     ; 4973 MB             ; 00:00:18                           ;
; Assembler                 ; 00:00:05     ; 1.0                     ; 4546 MB             ; 00:00:04                           ;
; TimeQuest Timing Analyzer ; 00:00:04     ; 1.0                     ; 4624 MB             ; 00:00:03                           ;
; EDA Netlist Writer        ; 00:00:01     ; 1.0                     ; 4514 MB             ; 00:00:01                           ;
; Total                     ; 00:00:32     ; --                      ; --                  ; 00:00:29                           ;
+---------------------------+--------------+-------------------------+---------------------+------------------------------------+


+----------------------------------------------------------------------------------------+
; Flow OS Summary                                                                        ;
+---------------------------+------------------+-----------+------------+----------------+
; Module Name               ; Machine Hostname ; OS Name   ; OS Version ; Processor type ;
+---------------------------+------------------+-----------+------------+----------------+
; Analysis & Synthesis      ; FufsPC           ; Windows 7 ; 6.2        ; x86_64         ;
; Fitter                    ; FufsPC           ; Windows 7 ; 6.2        ; x86_64         ;
; Assembler                 ; FufsPC           ; Windows 7 ; 6.2        ; x86_64         ;
; TimeQuest Timing Analyzer ; FufsPC           ; Windows 7 ; 6.2        ; x86_64         ;
; EDA Netlist Writer        ; FufsPC           ; Windows 7 ; 6.2        ; x86_64         ;
+---------------------------+------------------+-----------+------------+----------------+


------------
; Flow Log ;
------------
quartus_map --read_settings_files=on --write_settings_files=off lab1 -c lab1-fpAdd
quartus_fit --read_settings_files=off --write_settings_files=off lab1 -c lab1-fpAdd
quartus_asm --read_settings_files=off --write_settings_files=off lab1 -c lab1-fpAdd
quartus_sta lab1 -c lab1-fpAdd
quartus_eda --gen_testbench --check_outputs=on --tool=modelsim_oem --format=verilog lab1 -c lab1-fpAdd --vector_source="C:/Users/Fufs/Nextcloud/Documents/uOttawa/3000/CEG3156/Labs/Lab 1/fsm.vwf" --testbench_file=./simulation/qsim/lab1.vt



